---S4 Test---
2020年 08月 07日 星期五 17:09:26 CST
Loop: loop
---S4 Test---
2020年 08月 07日 星期五 17:09:26 CST
Loop: loop
---S4 Test---
2020年 08月 07日 星期五 17:09:26 CST
Loop: loop
---S4 Test---
2020年 08月 07日 星期五 17:09:26 CST
Loop: loop
---S4 Test---
2020年 08月 07日 星期五 17:09:26 CST
Loop: loop
---S4 Test---
2020年 08月 07日 星期五 17:10:09 CST
Loop: 1
---S4 Test---
2020年 08月 07日 星期五 17:10:09 CST
Loop: 2
---S4 Test---
2020年 08月 07日 星期五 17:10:09 CST
Loop: 3
---S4 Test---
2020年 08月 07日 星期五 17:10:09 CST
Loop: 4
---S4 Test---
2020年 08月 07日 星期五 17:10:09 CST
Loop: 5
---S4 Test---
2020年 08月 07日 星期五 17:11:27 CST
Loop: 1
---S4 Test---
2020年 08月 07日 星期五 17:11:27 CST
Loop: 2
---S4 Test---
2020年 08月 07日 星期五 17:11:27 CST
Loop: 3
---S4 Test---
2020年 08月 07日 星期五 17:28:36 CST
Loop: 1
---S4 Test---
2020年 08月 07日 星期五 17:29:24 CST
Loop: 1
---ACPI Test---
Mode: mem
2020年 08月 07日 星期五 17:31:58 CST
Loop: 1
